<?xml version="1.0" encoding="UTF-8"?>
<testsuite xmlns:xsi="http://www.w3.org/2001/XMLSchema-instance" xsi:noNamespaceSchemaLocation="https://maven.apache.org/surefire/maven-surefire-plugin/xsd/surefire-test-report.xsd" name="TestSuite" time="2.118" tests="6" errors="0" skipped="4" failures="2">
  <properties>
[...]
</properties>
  <testcase name="beforeTest" classname="Automation2018.AutoShow.AppTest" time="0.801">
    <failure type="java.lang.NullPointerException">java.lang.NullPointerException
</failure>
    <system-out><![CDATA[I am in onStart method Parallel_Test_2
I am in onStart method Parallel_Test_1
]]></system-out>
  </testcase>
  <testcase name="beforeTest" classname="Automation2018.AutoShow.LearnTest" time="0.802">
    <failure type="java.lang.NullPointerException">java.lang.NullPointerException
</failure>
  </testcase>
  <testcase name="test2" classname="Automation2018.AutoShow.AppTest" time="0">
    <skipped/>
    <system-out><![CDATA[I am in onTestStart method test1 start
I am in onTestStart method test2 start
]]></system-out>
  </testcase>
  <testcase name="test1" classname="Automation2018.AutoShow.LearnTest" time="0">
    <skipped/>
    <system-out><![CDATA[I am in onTestSkipped method test2 skipped
]]></system-out>
  </testcase>
  <testcase name="afterTest" classname="Automation2018.AutoShow.AppTest" time="0">
    <skipped/>
  </testcase>
  <testcase name="afterTest" classname="Automation2018.AutoShow.LearnTest" time="0">
    <skipped/>
    <system-out><![CDATA[I am in onTestSkipped method test1 skipped
]]></system-out>
  </testcase>
</testsuite>